<?xml version="1.0" encoding="UTF-8"?>
<testng-results skipped="0" failed="0" ignored="0" total="1" passed="1">
  <reporter-output>
  </reporter-output>
  <suite name="test.test_art.AppTest" duration-ms="12091" started-at="2017-07-06T20:39:10Z" finished-at="2017-07-06T20:39:22Z">
    <groups>
    </groups>
    <test name="Command line test" duration-ms="12091" started-at="2017-07-06T20:39:10Z" finished-at="2017-07-06T20:39:22Z">
      <class name="test.test_art.AppTest">
        <test-method status="PASS" signature="testing()[pri:0, instance:test.test_art.AppTest@6aaa5eb0]" name="testing" duration-ms="12070" started-at="2017-07-07T02:09:10Z" finished-at="2017-07-07T02:09:22Z">
          <reporter-output>
          </reporter-output>
        </test-method> <!-- testing -->
      </class> <!-- test.test_art.AppTest -->
    </test> <!-- Command line test -->
  </suite> <!-- test.test_art.AppTest -->
</testng-results>
