<?xml version="1.0" encoding="UTF-8"?>
<testng-results skipped="0" failed="0" ignored="0" total="1" passed="1">
  <reporter-output>
  </reporter-output>
  <suite name="test.test_art.AppTest" duration-ms="37309" started-at="2017-07-08T07:23:34Z" finished-at="2017-07-08T07:24:11Z">
    <groups>
    </groups>
    <test name="Command line test" duration-ms="37309" started-at="2017-07-08T07:23:34Z" finished-at="2017-07-08T07:24:11Z">
      <class name="test.test_art.AppTest">
        <test-method status="PASS" signature="testing()[pri:0, instance:test.test_art.AppTest@6aaa5eb0]" name="testing" duration-ms="37269" started-at="2017-07-08T12:53:34Z" finished-at="2017-07-08T12:54:11Z">
          <reporter-output>
          </reporter-output>
        </test-method> <!-- testing -->
      </class> <!-- test.test_art.AppTest -->
    </test> <!-- Command line test -->
  </suite> <!-- test.test_art.AppTest -->
</testng-results>
