<?xml version="1.0" encoding="UTF-8"?>
<testng-results skipped="0" failed="0" ignored="0" total="1" passed="1">
  <reporter-output>
  </reporter-output>
  <suite name="Default suite" duration-ms="72757" started-at="2017-07-08T07:26:58Z" finished-at="2017-07-08T07:28:10Z">
    <groups>
    </groups>
    <test name="Default test" duration-ms="72757" started-at="2017-07-08T07:26:58Z" finished-at="2017-07-08T07:28:10Z">
      <class name="test.test_art.AppTest">
        <test-method status="PASS" signature="testing()[pri:0, instance:test.test_art.AppTest@2b98378d]" name="testing" duration-ms="72694" started-at="2017-07-08T12:56:58Z" finished-at="2017-07-08T12:58:10Z">
          <reporter-output>
          </reporter-output>
        </test-method> <!-- testing -->
      </class> <!-- test.test_art.AppTest -->
    </test> <!-- Default test -->
  </suite> <!-- Default suite -->
</testng-results>
